<?xml version="1.0" encoding="UTF-8"?>
<!-- Generated by org.testng.reporters.JUnitReportReporter -->
<testsuite skipped="0" hostname="Dell" name="test.AppTest" tests="1" failures="0" timestamp="28 Dec 2018 08:56:40 GMT" time="14.479" errors="0">
  <testcase name="shouldAnswerWithTrue" time="14.479" classname="test.AppTest"/>
</testsuite> <!-- test.AppTest -->
