<?xml version="1.0" encoding="UTF-8"?>
<!-- Generated by org.testng.reporters.JUnitReportReporter -->
<testsuite skipped="0" hostname="Dell" name="test.AppTest" tests="1" failures="0" timestamp="27 Dec 2018 10:48:19 GMT" time="19.409" errors="0">
  <testcase name="shouldAnswerWithTrue" time="19.409" classname="test.AppTest"/>
</testsuite> <!-- test.AppTest -->
